2017-04-04 14:29:12,699 [http-bio-8080-exec-10] ERROR StackTrace  - Full Stack Trace:
org.h2.jdbc.JdbcSQLException: Naruszenie więzów integralności: "FK_MXOOJFJ9TMY8088AVF57MPM02: PUBLIC.COMMENT FOREIGN KEY(USER_ID) REFERENCES PUBLIC.USER(ID) (2)"
Referential integrity constraint violation: "FK_MXOOJFJ9TMY8088AVF57MPM02: PUBLIC.COMMENT FOREIGN KEY(USER_ID) REFERENCES PUBLIC.USER(ID) (2)"; SQL statement:
delete from user where id=? and version=? [23503-176]
	at org.h2.message.DbException.getJdbcSQLException(DbException.java:344)
	at org.h2.message.DbException.get(DbException.java:178)
	at org.h2.message.DbException.get(DbException.java:154)
	at org.h2.constraint.ConstraintReferential.checkRow(ConstraintReferential.java:427)
	at org.h2.constraint.ConstraintReferential.checkRowRefTable(ConstraintReferential.java:444)
	at org.h2.constraint.ConstraintReferential.checkRow(ConstraintReferential.java:319)
	at org.h2.table.Table.fireConstraints(Table.java:909)
	at org.h2.table.Table.fireAfterRow(Table.java:927)
	at org.h2.command.dml.Delete.update(Delete.java:101)
	at org.h2.command.CommandContainer.update(CommandContainer.java:79)
	at org.h2.command.Command.executeUpdate(Command.java:254)
	at org.h2.jdbc.JdbcPreparedStatement.executeUpdateInternal(JdbcPreparedStatement.java:158)
	at org.h2.jdbc.JdbcPreparedStatement.executeUpdate(JdbcPreparedStatement.java:144)
	at org.hibernate.engine.jdbc.internal.ResultSetReturnImpl.executeUpdate(ResultSetReturnImpl.java:208)
	at org.hibernate.persister.entity.AbstractEntityPersister.delete(AbstractEntityPersister.java:3403)
	at org.hibernate.persister.entity.AbstractEntityPersister.delete(AbstractEntityPersister.java:3630)
	at org.hibernate.action.internal.EntityDeleteAction.execute(EntityDeleteAction.java:114)
	at org.hibernate.engine.spi.ActionQueue.executeActions(ActionQueue.java:465)
	at org.hibernate.engine.spi.ActionQueue.executeActions(ActionQueue.java:351)
	at org.hibernate.event.internal.AbstractFlushingEventListener.performExecutions(AbstractFlushingEventListener.java:350)
	at org.hibernate.event.internal.DefaultFlushEventListener.onFlush(DefaultFlushEventListener.java:56)
	at org.hibernate.internal.SessionImpl.flush(SessionImpl.java:1258)
	at org.codehaus.groovy.grails.orm.hibernate.InstanceApiHelper$1.doInHibernate(InstanceApiHelper.java:40)
	at org.codehaus.groovy.grails.orm.hibernate.InstanceApiHelper$1.doInHibernate(InstanceApiHelper.java:36)
	at org.codehaus.groovy.grails.orm.hibernate.GrailsHibernateTemplate.doExecute(GrailsHibernateTemplate.java:188)
	at org.codehaus.groovy.grails.orm.hibernate.GrailsHibernateTemplate.execute(GrailsHibernateTemplate.java:132)
	at org.codehaus.groovy.grails.orm.hibernate.InstanceApiHelper.delete(InstanceApiHelper.java:36)
	at org.codehaus.groovy.grails.orm.hibernate.HibernateGormInstanceApi.delete(HibernateGormInstanceApi.groovy:229)
	at grailsapplication2.User.delete(User.groovy)
	at grailsapplication2.User$delete$3.call(Unknown Source)
	at org.codehaus.groovy.runtime.callsite.CallSiteArray.defaultCall(CallSiteArray.java:48)
	at org.codehaus.groovy.runtime.callsite.AbstractCallSite.call(AbstractCallSite.java:113)
	at org.codehaus.groovy.runtime.callsite.AbstractCallSite.call(AbstractCallSite.java:125)
	at grailsapplication2.UserController.$tt__delete(script1491308908925138703740.groovy:84)
	at grailsapplication2.UserController$_delete_closure7.doCall(script1491308908925138703740.groovy)
	at sun.reflect.NativeMethodAccessorImpl.invoke0(Native Method)
	at sun.reflect.NativeMethodAccessorImpl.invoke(NativeMethodAccessorImpl.java:62)
	at sun.reflect.DelegatingMethodAccessorImpl.invoke(DelegatingMethodAccessorImpl.java:43)
	at java.lang.reflect.Method.invoke(Method.java:497)
	at org.springsource.loaded.ri.ReflectiveInterceptor.jlrMethodInvoke(ReflectiveInterceptor.java:1426)
	at org.codehaus.groovy.reflection.CachedMethod.invoke(CachedMethod.java:93)
	at groovy.lang.MetaMethod.doMethodInvoke(MetaMethod.java:325)
	at groovy.lang.MetaClassImpl.invokeMethod(MetaClassImpl.java:1210)
	at groovy.lang.ExpandoMetaClass.invokeMethod(ExpandoMetaClass.java:1123)
	at groovy.lang.MetaClassImpl.invokeMethod(MetaClassImpl.java:1019)
	at groovy.lang.Closure.call(Closure.java:426)
	at grailsapplication2.UserController$_delete_closure7.call(script1491308908925138703740.groovy)
	at groovy.lang.Closure.call(Closure.java:442)
	at grailsapplication2.UserController$_delete_closure7.call(script1491308908925138703740.groovy)
	at org.codehaus.groovy.grails.orm.support.GrailsTransactionTemplate$2.doInTransaction(GrailsTransactionTemplate.groovy:90)
	at org.springframework.transaction.support.TransactionTemplate.execute(TransactionTemplate.java:133)
	at org.codehaus.groovy.grails.orm.support.GrailsTransactionTemplate.execute(GrailsTransactionTemplate.groovy:87)
	at grailsapplication2.UserController.delete(script1491308908925138703740.groovy)
	at grailsapplication2.UserController.delete(script1491308908925138703740.groovy)
	at sun.reflect.NativeMethodAccessorImpl.invoke0(Native Method)
	at sun.reflect.NativeMethodAccessorImpl.invoke(NativeMethodAccessorImpl.java:62)
	at sun.reflect.DelegatingMethodAccessorImpl.invoke(DelegatingMethodAccessorImpl.java:43)
	at java.lang.reflect.Method.invoke(Method.java:497)
	at org.springsource.loaded.ri.ReflectiveInterceptor.jlrMethodInvoke(ReflectiveInterceptor.java:1426)
	at org.codehaus.groovy.reflection.CachedMethod.invoke(CachedMethod.java:93)
	at groovy.lang.MetaMethod.doMethodInvoke(MetaMethod.java:325)
	at groovy.lang.MetaClassImpl.invokeMethod(MetaClassImpl.java:1210)
	at groovy.lang.ExpandoMetaClass.invokeMethod(ExpandoMetaClass.java:1123)
	at groovy.lang.MetaClassImpl.invokeMethod(MetaClassImpl.java:1077)
	at groovy.lang.ExpandoMetaClass.invokeMethod(ExpandoMetaClass.java:1123)
	at groovy.lang.MetaClassImpl.invokeMethod(MetaClassImpl.java:1019)
	at groovy.lang.Closure.call(Closure.java:426)
	at groovy.lang.Closure.call(Closure.java:420)
	at org.codehaus.groovy.grails.web.servlet.mvc.MixedGrailsControllerHelper.invoke(MixedGrailsControllerHelper.java:156)
	at org.codehaus.groovy.grails.web.servlet.mvc.AbstractGrailsControllerHelper.handleAction(AbstractGrailsControllerHelper.java:375)
	at org.codehaus.groovy.grails.web.servlet.mvc.AbstractGrailsControllerHelper.executeAction(AbstractGrailsControllerHelper.java:252)
	at org.codehaus.groovy.grails.web.servlet.mvc.AbstractGrailsControllerHelper.handleURI(AbstractGrailsControllerHelper.java:205)
	at org.codehaus.groovy.grails.web.servlet.mvc.AbstractGrailsControllerHelper.handleURI(AbstractGrailsControllerHelper.java:126)
	at org.codehaus.groovy.grails.web.servlet.mvc.SimpleGrailsController.handleRequest(SimpleGrailsController.java:72)
	at org.springframework.web.servlet.mvc.SimpleControllerHandlerAdapter.handle(SimpleControllerHandlerAdapter.java:50)
	at org.codehaus.groovy.grails.web.servlet.GrailsDispatcherServlet.doDispatch(GrailsDispatcherServlet.java:347)
	at org.springframework.web.servlet.DispatcherServlet.doService(DispatcherServlet.java:893)
	at org.springframework.web.servlet.FrameworkServlet.processRequest(FrameworkServlet.java:967)
	at org.springframework.web.servlet.FrameworkServlet.doDelete(FrameworkServlet.java:891)
	at javax.servlet.http.HttpServlet.service(HttpServlet.java:656)
	at org.springframework.web.servlet.FrameworkServlet.service(FrameworkServlet.java:843)
	at javax.servlet.http.HttpServlet.service(HttpServlet.java:731)
	at org.apache.catalina.core.ApplicationFilterChain.internalDoFilter(ApplicationFilterChain.java:303)
	at org.apache.catalina.core.ApplicationFilterChain.doFilter(ApplicationFilterChain.java:208)
	at org.apache.tomcat.websocket.server.WsFilter.doFilter(WsFilter.java:52)
	at org.apache.catalina.core.ApplicationFilterChain.internalDoFilter(ApplicationFilterChain.java:241)
	at org.apache.catalina.core.ApplicationFilterChain.doFilter(ApplicationFilterChain.java:208)
	at grails.plugin.cache.web.filter.PageFragmentCachingFilter.doFilter(PageFragmentCachingFilter.java:189)
	at grails.plugin.cache.web.filter.AbstractFilter.doFilter(AbstractFilter.java:63)
	at org.springframework.web.filter.DelegatingFilterProxy.invokeDelegate(DelegatingFilterProxy.java:344)
	at org.springframework.web.filter.DelegatingFilterProxy.doFilter(DelegatingFilterProxy.java:261)
	at org.apache.catalina.core.ApplicationFilterChain.internalDoFilter(ApplicationFilterChain.java:241)
	at org.apache.catalina.core.ApplicationFilterChain.doFilter(ApplicationFilterChain.java:208)
	at org.springframework.web.filter.OncePerRequestFilter.doFilter(OncePerRequestFilter.java:101)
	at org.apache.catalina.core.ApplicationFilterChain.internalDoFilter(ApplicationFilterChain.java:241)
	at org.apache.catalina.core.ApplicationFilterChain.doFilter(ApplicationFilterChain.java:208)
	at org.springframework.web.filter.OncePerRequestFilter.doFilter(OncePerRequestFilter.java:101)
	at org.apache.catalina.core.ApplicationFilterChain.internalDoFilter(ApplicationFilterChain.java:241)
	at org.apache.catalina.core.ApplicationFilterChain.doFilter(ApplicationFilterChain.java:208)
	at org.springframework.web.filter.OncePerRequestFilter.doFilter(OncePerRequestFilter.java:101)
	at org.apache.catalina.core.ApplicationFilterChain.internalDoFilter(ApplicationFilterChain.java:241)
	at org.apache.catalina.core.ApplicationFilterChain.doFilter(ApplicationFilterChain.java:208)
	at org.apache.catalina.core.ApplicationDispatcher.invoke(ApplicationDispatcher.java:747)
	at org.apache.catalina.core.ApplicationDispatcher.processRequest(ApplicationDispatcher.java:485)
	at org.apache.catalina.core.ApplicationDispatcher.doForward(ApplicationDispatcher.java:410)
	at org.apache.catalina.core.ApplicationDispatcher.forward(ApplicationDispatcher.java:337)
	at org.codehaus.groovy.grails.web.mapping.UrlMappingUtils.forwardRequestForUrlMappingInfo(UrlMappingUtils.java:178)
	at org.codehaus.groovy.grails.web.mapping.UrlMappingUtils.forwardRequestForUrlMappingInfo(UrlMappingUtils.java:144)
	at org.codehaus.groovy.grails.web.mapping.UrlMappingUtils.forwardRequestForUrlMappingInfo(UrlMappingUtils.java:135)
	at org.codehaus.groovy.grails.web.mapping.filter.UrlMappingsFilter.doFilterInternal(UrlMappingsFilter.java:216)
	at org.springframework.web.filter.OncePerRequestFilter.doFilter(OncePerRequestFilter.java:107)
	at org.apache.catalina.core.ApplicationFilterChain.internalDoFilter(ApplicationFilterChain.java:241)
	at org.apache.catalina.core.ApplicationFilterChain.doFilter(ApplicationFilterChain.java:208)
	at org.codehaus.groovy.grails.web.servlet.mvc.GrailsWebRequestFilter.doFilterInternal(GrailsWebRequestFilter.java:69)
	at org.springframework.web.filter.OncePerRequestFilter.doFilter(OncePerRequestFilter.java:107)
	at org.apache.catalina.core.ApplicationFilterChain.internalDoFilter(ApplicationFilterChain.java:241)
	at org.apache.catalina.core.ApplicationFilterChain.doFilter(ApplicationFilterChain.java:208)
	at org.codehaus.groovy.grails.web.filters.HiddenHttpMethodFilter.doFilterInternal(HiddenHttpMethodFilter.java:62)
	at org.springframework.web.filter.OncePerRequestFilter.doFilter(OncePerRequestFilter.java:107)
	at org.apache.catalina.core.ApplicationFilterChain.internalDoFilter(ApplicationFilterChain.java:241)
	at org.apache.catalina.core.ApplicationFilterChain.doFilter(ApplicationFilterChain.java:208)
	at org.springframework.web.filter.CharacterEncodingFilter.doFilterInternal(CharacterEncodingFilter.java:85)
	at org.springframework.web.filter.OncePerRequestFilter.doFilter(OncePerRequestFilter.java:107)
	at org.springframework.web.filter.DelegatingFilterProxy.invokeDelegate(DelegatingFilterProxy.java:344)
	at org.springframework.web.filter.DelegatingFilterProxy.doFilter(DelegatingFilterProxy.java:261)
	at org.apache.catalina.core.ApplicationFilterChain.internalDoFilter(ApplicationFilterChain.java:241)
	at org.apache.catalina.core.ApplicationFilterChain.doFilter(ApplicationFilterChain.java:208)
	at org.apache.catalina.core.StandardWrapperValve.invoke(StandardWrapperValve.java:218)
	at org.apache.catalina.core.StandardContextValve.invoke(StandardContextValve.java:122)
	at org.apache.catalina.core.StandardHostValve.invoke(StandardHostValve.java:169)
	at org.apache.catalina.valves.ErrorReportValve.invoke(ErrorReportValve.java:103)
	at org.apache.catalina.core.StandardEngineValve.invoke(StandardEngineValve.java:116)
	at org.apache.catalina.connector.CoyoteAdapter.service(CoyoteAdapter.java:442)
	at org.apache.coyote.http11.AbstractHttp11Processor.process(AbstractHttp11Processor.java:1082)
	at org.apache.coyote.AbstractProtocol$AbstractConnectionHandler.process(AbstractProtocol.java:623)
	at org.apache.tomcat.util.net.JIoEndpoint$SocketProcessor.run(JIoEndpoint.java:318)
	at java.util.concurrent.ThreadPoolExecutor.runWorker(ThreadPoolExecutor.java:1142)
	at java.util.concurrent.ThreadPoolExecutor$Worker.run(ThreadPoolExecutor.java:617)
	at org.apache.tomcat.util.threads.TaskThread$WrappingRunnable.run(TaskThread.java:61)
	at java.lang.Thread.run(Thread.java:745)
2017-04-04 14:29:12,713 [http-bio-8080-exec-10] ERROR StackTrace  - Full Stack Trace:
org.h2.jdbc.JdbcSQLException: Naruszenie więzów integralności: "FK_MXOOJFJ9TMY8088AVF57MPM02: PUBLIC.COMMENT FOREIGN KEY(USER_ID) REFERENCES PUBLIC.USER(ID) (2)"
Referential integrity constraint violation: "FK_MXOOJFJ9TMY8088AVF57MPM02: PUBLIC.COMMENT FOREIGN KEY(USER_ID) REFERENCES PUBLIC.USER(ID) (2)"; SQL statement:
delete from user where id=? and version=? [23503-176]
	at org.h2.message.DbException.getJdbcSQLException(DbException.java:344)
	at org.h2.message.DbException.get(DbException.java:178)
	at org.h2.message.DbException.get(DbException.java:154)
	at org.h2.constraint.ConstraintReferential.checkRow(ConstraintReferential.java:427)
	at org.h2.constraint.ConstraintReferential.checkRowRefTable(ConstraintReferential.java:444)
	at org.h2.constraint.ConstraintReferential.checkRow(ConstraintReferential.java:319)
	at org.h2.table.Table.fireConstraints(Table.java:909)
	at org.h2.table.Table.fireAfterRow(Table.java:927)
	at org.h2.command.dml.Delete.update(Delete.java:101)
	at org.h2.command.CommandContainer.update(CommandContainer.java:79)
	at org.h2.command.Command.executeUpdate(Command.java:254)
	at org.h2.jdbc.JdbcPreparedStatement.executeUpdateInternal(JdbcPreparedStatement.java:158)
	at org.h2.jdbc.JdbcPreparedStatement.executeUpdate(JdbcPreparedStatement.java:144)
	at grailsapplication2.UserController.$tt__delete(script1491308908925138703740.groovy:84)
	at grails.plugin.cache.web.filter.PageFragmentCachingFilter.doFilter(PageFragmentCachingFilter.java:189)
	at grails.plugin.cache.web.filter.AbstractFilter.doFilter(AbstractFilter.java:63)
	at java.util.concurrent.ThreadPoolExecutor.runWorker(ThreadPoolExecutor.java:1142)
	at java.util.concurrent.ThreadPoolExecutor$Worker.run(ThreadPoolExecutor.java:617)
	at java.lang.Thread.run(Thread.java:745)
2017-04-04 14:29:12,740 [http-bio-8080-exec-10] ERROR StackTrace  - Full Stack Trace:
org.h2.jdbc.JdbcSQLException: Naruszenie więzów integralności: "FK_MXOOJFJ9TMY8088AVF57MPM02: PUBLIC.COMMENT FOREIGN KEY(USER_ID) REFERENCES PUBLIC.USER(ID) (2)"
Referential integrity constraint violation: "FK_MXOOJFJ9TMY8088AVF57MPM02: PUBLIC.COMMENT FOREIGN KEY(USER_ID) REFERENCES PUBLIC.USER(ID) (2)"; SQL statement:
delete from user where id=? and version=? [23503-176]
	at org.h2.message.DbException.getJdbcSQLException(DbException.java:344)
	at org.h2.message.DbException.get(DbException.java:178)
	at org.h2.message.DbException.get(DbException.java:154)
	at org.h2.constraint.ConstraintReferential.checkRow(ConstraintReferential.java:427)
	at org.h2.constraint.ConstraintReferential.checkRowRefTable(ConstraintReferential.java:444)
	at org.h2.constraint.ConstraintReferential.checkRow(ConstraintReferential.java:319)
	at org.h2.table.Table.fireConstraints(Table.java:909)
	at org.h2.table.Table.fireAfterRow(Table.java:927)
	at org.h2.command.dml.Delete.update(Delete.java:101)
	at org.h2.command.CommandContainer.update(CommandContainer.java:79)
	at org.h2.command.Command.executeUpdate(Command.java:254)
	at org.h2.jdbc.JdbcPreparedStatement.executeUpdateInternal(JdbcPreparedStatement.java:158)
	at org.h2.jdbc.JdbcPreparedStatement.executeUpdate(JdbcPreparedStatement.java:144)
	at grailsapplication2.UserController.$tt__delete(script1491308908925138703740.groovy:84)
	at grails.plugin.cache.web.filter.PageFragmentCachingFilter.doFilter(PageFragmentCachingFilter.java:189)
	at grails.plugin.cache.web.filter.AbstractFilter.doFilter(AbstractFilter.java:63)
	at java.util.concurrent.ThreadPoolExecutor.runWorker(ThreadPoolExecutor.java:1142)
	at java.util.concurrent.ThreadPoolExecutor$Worker.run(ThreadPoolExecutor.java:617)
	at java.lang.Thread.run(Thread.java:745)
2017-04-04 14:29:12,740 [http-bio-8080-exec-10] ERROR StackTrace  - Full Stack Trace:
org.h2.jdbc.JdbcSQLException: Naruszenie więzów integralności: "FK_MXOOJFJ9TMY8088AVF57MPM02: PUBLIC.COMMENT FOREIGN KEY(USER_ID) REFERENCES PUBLIC.USER(ID) (2)"
Referential integrity constraint violation: "FK_MXOOJFJ9TMY8088AVF57MPM02: PUBLIC.COMMENT FOREIGN KEY(USER_ID) REFERENCES PUBLIC.USER(ID) (2)"; SQL statement:
delete from user where id=? and version=? [23503-176]
	at org.h2.message.DbException.getJdbcSQLException(DbException.java:344)
	at org.h2.message.DbException.get(DbException.java:178)
	at org.h2.message.DbException.get(DbException.java:154)
	at org.h2.constraint.ConstraintReferential.checkRow(ConstraintReferential.java:427)
	at org.h2.constraint.ConstraintReferential.checkRowRefTable(ConstraintReferential.java:444)
	at org.h2.constraint.ConstraintReferential.checkRow(ConstraintReferential.java:319)
	at org.h2.table.Table.fireConstraints(Table.java:909)
	at org.h2.table.Table.fireAfterRow(Table.java:927)
	at org.h2.command.dml.Delete.update(Delete.java:101)
	at org.h2.command.CommandContainer.update(CommandContainer.java:79)
	at org.h2.command.Command.executeUpdate(Command.java:254)
	at org.h2.jdbc.JdbcPreparedStatement.executeUpdateInternal(JdbcPreparedStatement.java:158)
	at org.h2.jdbc.JdbcPreparedStatement.executeUpdate(JdbcPreparedStatement.java:144)
	at grailsapplication2.UserController.$tt__delete(script1491308908925138703740.groovy:84)
	at grails.plugin.cache.web.filter.PageFragmentCachingFilter.doFilter(PageFragmentCachingFilter.java:189)
	at grails.plugin.cache.web.filter.AbstractFilter.doFilter(AbstractFilter.java:63)
	at java.util.concurrent.ThreadPoolExecutor.runWorker(ThreadPoolExecutor.java:1142)
	at java.util.concurrent.ThreadPoolExecutor$Worker.run(ThreadPoolExecutor.java:617)
	at java.lang.Thread.run(Thread.java:745)
2017-04-04 14:29:12,741 [http-bio-8080-exec-10] ERROR StackTrace  - Full Stack Trace:
org.h2.jdbc.JdbcSQLException: Naruszenie więzów integralności: "FK_MXOOJFJ9TMY8088AVF57MPM02: PUBLIC.COMMENT FOREIGN KEY(USER_ID) REFERENCES PUBLIC.USER(ID) (2)"
Referential integrity constraint violation: "FK_MXOOJFJ9TMY8088AVF57MPM02: PUBLIC.COMMENT FOREIGN KEY(USER_ID) REFERENCES PUBLIC.USER(ID) (2)"; SQL statement:
delete from user where id=? and version=? [23503-176]
	at org.h2.message.DbException.getJdbcSQLException(DbException.java:344)
	at org.h2.message.DbException.get(DbException.java:178)
	at org.h2.message.DbException.get(DbException.java:154)
	at org.h2.constraint.ConstraintReferential.checkRow(ConstraintReferential.java:427)
	at org.h2.constraint.ConstraintReferential.checkRowRefTable(ConstraintReferential.java:444)
	at org.h2.constraint.ConstraintReferential.checkRow(ConstraintReferential.java:319)
	at org.h2.table.Table.fireConstraints(Table.java:909)
	at org.h2.table.Table.fireAfterRow(Table.java:927)
	at org.h2.command.dml.Delete.update(Delete.java:101)
	at org.h2.command.CommandContainer.update(CommandContainer.java:79)
	at org.h2.command.Command.executeUpdate(Command.java:254)
	at org.h2.jdbc.JdbcPreparedStatement.executeUpdateInternal(JdbcPreparedStatement.java:158)
	at org.h2.jdbc.JdbcPreparedStatement.executeUpdate(JdbcPreparedStatement.java:144)
	at grailsapplication2.UserController.$tt__delete(script1491308908925138703740.groovy:84)
	at grails.plugin.cache.web.filter.PageFragmentCachingFilter.doFilter(PageFragmentCachingFilter.java:189)
	at grails.plugin.cache.web.filter.AbstractFilter.doFilter(AbstractFilter.java:63)
	at java.util.concurrent.ThreadPoolExecutor.runWorker(ThreadPoolExecutor.java:1142)
	at java.util.concurrent.ThreadPoolExecutor$Worker.run(ThreadPoolExecutor.java:617)
	at java.lang.Thread.run(Thread.java:745)
2017-04-04 14:29:12,741 [http-bio-8080-exec-10] ERROR StackTrace  - Full Stack Trace:
org.h2.jdbc.JdbcSQLException: Naruszenie więzów integralności: "FK_MXOOJFJ9TMY8088AVF57MPM02: PUBLIC.COMMENT FOREIGN KEY(USER_ID) REFERENCES PUBLIC.USER(ID) (2)"
Referential integrity constraint violation: "FK_MXOOJFJ9TMY8088AVF57MPM02: PUBLIC.COMMENT FOREIGN KEY(USER_ID) REFERENCES PUBLIC.USER(ID) (2)"; SQL statement:
delete from user where id=? and version=? [23503-176]
	at org.h2.message.DbException.getJdbcSQLException(DbException.java:344)
	at org.h2.message.DbException.get(DbException.java:178)
	at org.h2.message.DbException.get(DbException.java:154)
	at org.h2.constraint.ConstraintReferential.checkRow(ConstraintReferential.java:427)
	at org.h2.constraint.ConstraintReferential.checkRowRefTable(ConstraintReferential.java:444)
	at org.h2.constraint.ConstraintReferential.checkRow(ConstraintReferential.java:319)
	at org.h2.table.Table.fireConstraints(Table.java:909)
	at org.h2.table.Table.fireAfterRow(Table.java:927)
	at org.h2.command.dml.Delete.update(Delete.java:101)
	at org.h2.command.CommandContainer.update(CommandContainer.java:79)
	at org.h2.command.Command.executeUpdate(Command.java:254)
	at org.h2.jdbc.JdbcPreparedStatement.executeUpdateInternal(JdbcPreparedStatement.java:158)
	at org.h2.jdbc.JdbcPreparedStatement.executeUpdate(JdbcPreparedStatement.java:144)
	at grailsapplication2.UserController.$tt__delete(script1491308908925138703740.groovy:84)
	at grails.plugin.cache.web.filter.PageFragmentCachingFilter.doFilter(PageFragmentCachingFilter.java:189)
	at grails.plugin.cache.web.filter.AbstractFilter.doFilter(AbstractFilter.java:63)
	at java.util.concurrent.ThreadPoolExecutor.runWorker(ThreadPoolExecutor.java:1142)
	at java.util.concurrent.ThreadPoolExecutor$Worker.run(ThreadPoolExecutor.java:617)
	at java.lang.Thread.run(Thread.java:745)
2017-04-19 07:38:35,253 [http-bio-8080-exec-10] ERROR StackTrace  - Full Stack Trace:
java.lang.RuntimeException: Error initializing GroovyPageView
	at org.codehaus.groovy.grails.web.servlet.view.GroovyPageViewResolver.createGroovyPageView(GroovyPageViewResolver.java:210)
	at org.codehaus.groovy.grails.web.servlet.view.GroovyPageViewResolver.createGrailsView(GroovyPageViewResolver.java:191)
	at org.codehaus.groovy.grails.web.servlet.view.GroovyPageViewResolver.loadView(GroovyPageViewResolver.java:96)
	at org.springframework.web.servlet.view.AbstractCachingViewResolver.createView(AbstractCachingViewResolver.java:244)
	at org.springframework.web.servlet.view.UrlBasedViewResolver.createView(UrlBasedViewResolver.java:446)
	at org.springframework.web.servlet.view.AbstractCachingViewResolver.resolveViewName(AbstractCachingViewResolver.java:146)
	at org.codehaus.groovy.grails.web.servlet.view.GroovyPageViewResolver.resolveViewName(GroovyPageViewResolver.java:85)
	at org.codehaus.groovy.grails.web.servlet.view.GrailsLayoutViewResolver.resolveViewName(GrailsLayoutViewResolver.java:50)
	at org.springframework.web.servlet.DispatcherServlet.resolveViewName(DispatcherServlet.java:1283)
	at org.springframework.web.servlet.DispatcherServlet.render(DispatcherServlet.java:1224)
	at org.codehaus.groovy.grails.web.servlet.GrailsDispatcherServlet.doDispatch(GrailsDispatcherServlet.java:388)
	at org.springframework.web.servlet.DispatcherServlet.doService(DispatcherServlet.java:893)
	at org.springframework.web.servlet.FrameworkServlet.processRequest(FrameworkServlet.java:967)
	at org.springframework.web.servlet.FrameworkServlet.doGet(FrameworkServlet.java:858)
	at javax.servlet.http.HttpServlet.service(HttpServlet.java:624)
	at org.springframework.web.servlet.FrameworkServlet.service(FrameworkServlet.java:843)
	at javax.servlet.http.HttpServlet.service(HttpServlet.java:731)
	at org.apache.catalina.core.ApplicationFilterChain.internalDoFilter(ApplicationFilterChain.java:303)
	at org.apache.catalina.core.ApplicationFilterChain.doFilter(ApplicationFilterChain.java:208)
	at org.apache.tomcat.websocket.server.WsFilter.doFilter(WsFilter.java:52)
	at org.apache.catalina.core.ApplicationFilterChain.internalDoFilter(ApplicationFilterChain.java:241)
	at org.apache.catalina.core.ApplicationFilterChain.doFilter(ApplicationFilterChain.java:208)
	at grails.plugin.cache.web.filter.PageFragmentCachingFilter.doFilter(PageFragmentCachingFilter.java:189)
	at grails.plugin.cache.web.filter.AbstractFilter.doFilter(AbstractFilter.java:63)
	at org.springframework.web.filter.DelegatingFilterProxy.invokeDelegate(DelegatingFilterProxy.java:344)
	at org.springframework.web.filter.DelegatingFilterProxy.doFilter(DelegatingFilterProxy.java:261)
	at org.apache.catalina.core.ApplicationFilterChain.internalDoFilter(ApplicationFilterChain.java:241)
	at org.apache.catalina.core.ApplicationFilterChain.doFilter(ApplicationFilterChain.java:208)
	at org.springframework.web.filter.OncePerRequestFilter.doFilter(OncePerRequestFilter.java:101)
	at org.apache.catalina.core.ApplicationFilterChain.internalDoFilter(ApplicationFilterChain.java:241)
	at org.apache.catalina.core.ApplicationFilterChain.doFilter(ApplicationFilterChain.java:208)
	at org.springframework.web.filter.OncePerRequestFilter.doFilter(OncePerRequestFilter.java:101)
	at org.apache.catalina.core.ApplicationFilterChain.internalDoFilter(ApplicationFilterChain.java:241)
	at org.apache.catalina.core.ApplicationFilterChain.doFilter(ApplicationFilterChain.java:208)
	at org.springframework.web.filter.OncePerRequestFilter.doFilter(OncePerRequestFilter.java:101)
	at org.apache.catalina.core.ApplicationFilterChain.internalDoFilter(ApplicationFilterChain.java:241)
	at org.apache.catalina.core.ApplicationFilterChain.doFilter(ApplicationFilterChain.java:208)
	at org.apache.catalina.core.ApplicationDispatcher.invoke(ApplicationDispatcher.java:747)
	at org.apache.catalina.core.ApplicationDispatcher.processRequest(ApplicationDispatcher.java:485)
	at org.apache.catalina.core.ApplicationDispatcher.doForward(ApplicationDispatcher.java:410)
	at org.apache.catalina.core.ApplicationDispatcher.forward(ApplicationDispatcher.java:337)
	at org.codehaus.groovy.grails.web.mapping.UrlMappingUtils.forwardRequestForUrlMappingInfo(UrlMappingUtils.java:178)
	at org.codehaus.groovy.grails.web.mapping.UrlMappingUtils.forwardRequestForUrlMappingInfo(UrlMappingUtils.java:144)
	at org.codehaus.groovy.grails.web.mapping.UrlMappingUtils.forwardRequestForUrlMappingInfo(UrlMappingUtils.java:135)
	at org.codehaus.groovy.grails.web.mapping.filter.UrlMappingsFilter.doFilterInternal(UrlMappingsFilter.java:216)
	at org.springframework.web.filter.OncePerRequestFilter.doFilter(OncePerRequestFilter.java:107)
	at org.apache.catalina.core.ApplicationFilterChain.internalDoFilter(ApplicationFilterChain.java:241)
	at org.apache.catalina.core.ApplicationFilterChain.doFilter(ApplicationFilterChain.java:208)
	at org.codehaus.groovy.grails.web.servlet.mvc.GrailsWebRequestFilter.doFilterInternal(GrailsWebRequestFilter.java:69)
	at org.springframework.web.filter.OncePerRequestFilter.doFilter(OncePerRequestFilter.java:107)
	at org.apache.catalina.core.ApplicationFilterChain.internalDoFilter(ApplicationFilterChain.java:241)
	at org.apache.catalina.core.ApplicationFilterChain.doFilter(ApplicationFilterChain.java:208)
	at org.codehaus.groovy.grails.web.filters.HiddenHttpMethodFilter.doFilterInternal(HiddenHttpMethodFilter.java:67)
	at org.springframework.web.filter.OncePerRequestFilter.doFilter(OncePerRequestFilter.java:107)
	at org.apache.catalina.core.ApplicationFilterChain.internalDoFilter(ApplicationFilterChain.java:241)
	at org.apache.catalina.core.ApplicationFilterChain.doFilter(ApplicationFilterChain.java:208)
	at org.springframework.web.filter.CharacterEncodingFilter.doFilterInternal(CharacterEncodingFilter.java:85)
	at org.springframework.web.filter.OncePerRequestFilter.doFilter(OncePerRequestFilter.java:107)
	at org.springframework.web.filter.DelegatingFilterProxy.invokeDelegate(DelegatingFilterProxy.java:344)
	at org.springframework.web.filter.DelegatingFilterProxy.doFilter(DelegatingFilterProxy.java:261)
	at org.apache.catalina.core.ApplicationFilterChain.internalDoFilter(ApplicationFilterChain.java:241)
	at org.apache.catalina.core.ApplicationFilterChain.doFilter(ApplicationFilterChain.java:208)
	at org.apache.catalina.core.StandardWrapperValve.invoke(StandardWrapperValve.java:218)
	at org.apache.catalina.core.StandardContextValve.invoke(StandardContextValve.java:122)
	at org.apache.catalina.core.StandardHostValve.invoke(StandardHostValve.java:169)
	at org.apache.catalina.valves.ErrorReportValve.invoke(ErrorReportValve.java:103)
	at org.apache.catalina.core.StandardEngineValve.invoke(StandardEngineValve.java:116)
	at org.apache.catalina.connector.CoyoteAdapter.service(CoyoteAdapter.java:442)
	at org.apache.coyote.http11.AbstractHttp11Processor.process(AbstractHttp11Processor.java:1082)
	at org.apache.coyote.AbstractProtocol$AbstractConnectionHandler.process(AbstractProtocol.java:623)
	at org.apache.tomcat.util.net.JIoEndpoint$SocketProcessor.run(JIoEndpoint.java:316)
	at java.util.concurrent.ThreadPoolExecutor.runWorker(ThreadPoolExecutor.java:1142)
	at java.util.concurrent.ThreadPoolExecutor$Worker.run(ThreadPoolExecutor.java:617)
	at org.apache.tomcat.util.threads.TaskThread$WrappingRunnable.run(TaskThread.java:61)
	at java.lang.Thread.run(Thread.java:745)
Caused by: org.codehaus.groovy.grails.web.taglib.exceptions.GrailsTagException: Attribute value must be quoted (code="default.list.label" args=["uzytkownikow"]).
	at org.codehaus.groovy.grails.web.pages.GroovyPageParser.populateMapWithAttributes(GroovyPageParser.java:1208)
	at org.codehaus.groovy.grails.web.pages.GroovyPageParser.startTag(GroovyPageParser.java:1079)
	at org.codehaus.groovy.grails.web.pages.GroovyPageParser.page(GroovyPageParser.java:831)
	at org.codehaus.groovy.grails.web.pages.GroovyPageParser.generateGsp(GroovyPageParser.java:393)
	at org.codehaus.groovy.grails.web.pages.GroovyPageParser.parse(GroovyPageParser.java:349)
	at org.codehaus.groovy.grails.web.pages.GroovyPagesTemplateEngine.buildPageMetaInfo(GroovyPagesTemplateEngine.java:596)
	at org.codehaus.groovy.grails.web.pages.GroovyPagesTemplateEngine.buildPageMetaInfo(GroovyPagesTemplateEngine.java:493)
	at org.codehaus.groovy.grails.web.pages.GroovyPagesTemplateEngine$GroovyPagesTemplateEngineCacheEntry.updateValue(GroovyPagesTemplateEngine.java:159)
	at org.codehaus.groovy.grails.web.pages.GroovyPagesTemplateEngine$GroovyPagesTemplateEngineCacheEntry.updateValue(GroovyPagesTemplateEngine.java:138)
	at grails.util.CacheEntry.getValue(CacheEntry.java:144)
	at grails.util.CacheEntry.getValue(CacheEntry.java:84)
	at org.codehaus.groovy.grails.web.pages.GroovyPagesTemplateEngine.createTemplate(GroovyPagesTemplateEngine.java:316)
	at org.codehaus.groovy.grails.web.pages.GroovyPagesTemplateEngine.createTemplate(GroovyPagesTemplateEngine.java:306)
	at org.codehaus.groovy.grails.web.pages.GroovyPagesTemplateEngine.createTemplate(GroovyPagesTemplateEngine.java:408)
	at org.codehaus.groovy.grails.web.pages.GroovyPagesTemplateEngine.createTemplateForUri(GroovyPagesTemplateEngine.java:380)
	at org.codehaus.groovy.grails.web.pages.GroovyPagesTemplateEngine.createTemplateForUri(GroovyPagesTemplateEngine.java:373)
	at org.codehaus.groovy.grails.web.pages.GroovyPagesTemplateEngine.createTemplate(GroovyPagesTemplateEngine.java:344)
	at org.codehaus.groovy.grails.web.servlet.view.GroovyPageView.createGroovyPageException(GroovyPageView.java:108)
	at org.codehaus.groovy.grails.web.servlet.view.GroovyPageView.handleException(GroovyPageView.java:104)
	at org.codehaus.groovy.grails.web.servlet.view.GroovyPageView.afterPropertiesSet(GroovyPageView.java:161)
	at org.codehaus.groovy.grails.web.servlet.view.GroovyPageViewResolver.createGroovyPageView(GroovyPageViewResolver.java:208)
	... 74 more
2017-04-19 07:38:35,275 [http-bio-8080-exec-10] ERROR StackTrace  - Full Stack Trace:
org.codehaus.groovy.grails.web.taglib.exceptions.GrailsTagException: Attribute value must be quoted (code="default.list.label" args=["uzytkownikow"]).
	at org.codehaus.groovy.grails.web.pages.GroovyPageParser.populateMapWithAttributes(GroovyPageParser.java:1208)
	at org.codehaus.groovy.grails.web.pages.GroovyPageParser.startTag(GroovyPageParser.java:1079)
	at org.codehaus.groovy.grails.web.pages.GroovyPageParser.page(GroovyPageParser.java:831)
	at org.codehaus.groovy.grails.web.pages.GroovyPageParser.generateGsp(GroovyPageParser.java:393)
	at org.codehaus.groovy.grails.web.pages.GroovyPageParser.parse(GroovyPageParser.java:349)
	at org.codehaus.groovy.grails.web.pages.GroovyPagesTemplateEngine.buildPageMetaInfo(GroovyPagesTemplateEngine.java:596)
	at org.codehaus.groovy.grails.web.pages.GroovyPagesTemplateEngine.buildPageMetaInfo(GroovyPagesTemplateEngine.java:493)
	at org.codehaus.groovy.grails.web.pages.GroovyPagesTemplateEngine$GroovyPagesTemplateEngineCacheEntry.updateValue(GroovyPagesTemplateEngine.java:159)
	at org.codehaus.groovy.grails.web.pages.GroovyPagesTemplateEngine$GroovyPagesTemplateEngineCacheEntry.updateValue(GroovyPagesTemplateEngine.java:138)
	at grails.util.CacheEntry.getValue(CacheEntry.java:144)
	at grails.util.CacheEntry.getValue(CacheEntry.java:84)
	at org.codehaus.groovy.grails.web.pages.GroovyPagesTemplateEngine.createTemplate(GroovyPagesTemplateEngine.java:316)
	at org.codehaus.groovy.grails.web.pages.GroovyPagesTemplateEngine.createTemplate(GroovyPagesTemplateEngine.java:306)
	at org.codehaus.groovy.grails.web.pages.GroovyPagesTemplateEngine.createTemplate(GroovyPagesTemplateEngine.java:408)
	at org.codehaus.groovy.grails.web.pages.GroovyPagesTemplateEngine.createTemplateForUri(GroovyPagesTemplateEngine.java:380)
	at org.codehaus.groovy.grails.web.pages.GroovyPagesTemplateEngine.createTemplateForUri(GroovyPagesTemplateEngine.java:373)
	at org.codehaus.groovy.grails.web.pages.GroovyPagesTemplateEngine.createTemplate(GroovyPagesTemplateEngine.java:344)
	at org.codehaus.groovy.grails.web.servlet.view.GroovyPageView.createGroovyPageException(GroovyPageView.java:108)
	at org.codehaus.groovy.grails.web.servlet.view.GroovyPageView.handleException(GroovyPageView.java:104)
	at org.codehaus.groovy.grails.web.servlet.view.GroovyPageView.afterPropertiesSet(GroovyPageView.java:161)
	at org.codehaus.groovy.grails.web.servlet.view.GroovyPageViewResolver.createGroovyPageView(GroovyPageViewResolver.java:208)
	at org.codehaus.groovy.grails.web.servlet.view.GroovyPageViewResolver.createGrailsView(GroovyPageViewResolver.java:191)
	at org.codehaus.groovy.grails.web.servlet.view.GroovyPageViewResolver.loadView(GroovyPageViewResolver.java:96)
	at org.springframework.web.servlet.view.AbstractCachingViewResolver.createView(AbstractCachingViewResolver.java:244)
	at org.springframework.web.servlet.view.UrlBasedViewResolver.createView(UrlBasedViewResolver.java:446)
	at org.springframework.web.servlet.view.AbstractCachingViewResolver.resolveViewName(AbstractCachingViewResolver.java:146)
	at org.codehaus.groovy.grails.web.servlet.view.GroovyPageViewResolver.resolveViewName(GroovyPageViewResolver.java:85)
	at org.codehaus.groovy.grails.web.servlet.view.GrailsLayoutViewResolver.resolveViewName(GrailsLayoutViewResolver.java:50)
	at org.springframework.web.servlet.DispatcherServlet.resolveViewName(DispatcherServlet.java:1283)
	at org.springframework.web.servlet.DispatcherServlet.render(DispatcherServlet.java:1224)
	at org.codehaus.groovy.grails.web.servlet.GrailsDispatcherServlet.doDispatch(GrailsDispatcherServlet.java:388)
	at org.springframework.web.servlet.DispatcherServlet.doService(DispatcherServlet.java:893)
	at org.springframework.web.servlet.FrameworkServlet.processRequest(FrameworkServlet.java:967)
	at org.springframework.web.servlet.FrameworkServlet.doGet(FrameworkServlet.java:858)
	at javax.servlet.http.HttpServlet.service(HttpServlet.java:624)
	at org.springframework.web.servlet.FrameworkServlet.service(FrameworkServlet.java:843)
	at javax.servlet.http.HttpServlet.service(HttpServlet.java:731)
	at org.apache.catalina.core.ApplicationFilterChain.internalDoFilter(ApplicationFilterChain.java:303)
	at org.apache.catalina.core.ApplicationFilterChain.doFilter(ApplicationFilterChain.java:208)
	at org.apache.tomcat.websocket.server.WsFilter.doFilter(WsFilter.java:52)
	at org.apache.catalina.core.ApplicationFilterChain.internalDoFilter(ApplicationFilterChain.java:241)
	at org.apache.catalina.core.ApplicationFilterChain.doFilter(ApplicationFilterChain.java:208)
	at grails.plugin.cache.web.filter.PageFragmentCachingFilter.doFilter(PageFragmentCachingFilter.java:189)
	at grails.plugin.cache.web.filter.AbstractFilter.doFilter(AbstractFilter.java:63)
	at org.springframework.web.filter.DelegatingFilterProxy.invokeDelegate(DelegatingFilterProxy.java:344)
	at org.springframework.web.filter.DelegatingFilterProxy.doFilter(DelegatingFilterProxy.java:261)
	at org.apache.catalina.core.ApplicationFilterChain.internalDoFilter(ApplicationFilterChain.java:241)
	at org.apache.catalina.core.ApplicationFilterChain.doFilter(ApplicationFilterChain.java:208)
	at org.springframework.web.filter.OncePerRequestFilter.doFilter(OncePerRequestFilter.java:101)
	at org.apache.catalina.core.ApplicationFilterChain.internalDoFilter(ApplicationFilterChain.java:241)
	at org.apache.catalina.core.ApplicationFilterChain.doFilter(ApplicationFilterChain.java:208)
	at org.springframework.web.filter.OncePerRequestFilter.doFilter(OncePerRequestFilter.java:101)
	at org.apache.catalina.core.ApplicationFilterChain.internalDoFilter(ApplicationFilterChain.java:241)
	at org.apache.catalina.core.ApplicationFilterChain.doFilter(ApplicationFilterChain.java:208)
	at org.springframework.web.filter.OncePerRequestFilter.doFilter(OncePerRequestFilter.java:101)
	at org.apache.catalina.core.ApplicationFilterChain.internalDoFilter(ApplicationFilterChain.java:241)
	at org.apache.catalina.core.ApplicationFilterChain.doFilter(ApplicationFilterChain.java:208)
	at org.apache.catalina.core.ApplicationDispatcher.invoke(ApplicationDispatcher.java:747)
	at org.apache.catalina.core.ApplicationDispatcher.processRequest(ApplicationDispatcher.java:485)
	at org.apache.catalina.core.ApplicationDispatcher.doForward(ApplicationDispatcher.java:410)
	at org.apache.catalina.core.ApplicationDispatcher.forward(ApplicationDispatcher.java:337)
	at org.codehaus.groovy.grails.web.mapping.UrlMappingUtils.forwardRequestForUrlMappingInfo(UrlMappingUtils.java:178)
	at org.codehaus.groovy.grails.web.mapping.UrlMappingUtils.forwardRequestForUrlMappingInfo(UrlMappingUtils.java:144)
	at org.codehaus.groovy.grails.web.mapping.UrlMappingUtils.forwardRequestForUrlMappingInfo(UrlMappingUtils.java:135)
	at org.codehaus.groovy.grails.web.mapping.filter.UrlMappingsFilter.doFilterInternal(UrlMappingsFilter.java:216)
	at org.springframework.web.filter.OncePerRequestFilter.doFilter(OncePerRequestFilter.java:107)
	at org.apache.catalina.core.ApplicationFilterChain.internalDoFilter(ApplicationFilterChain.java:241)
	at org.apache.catalina.core.ApplicationFilterChain.doFilter(ApplicationFilterChain.java:208)
	at org.codehaus.groovy.grails.web.servlet.mvc.GrailsWebRequestFilter.doFilterInternal(GrailsWebRequestFilter.java:69)
	at org.springframework.web.filter.OncePerRequestFilter.doFilter(OncePerRequestFilter.java:107)
	at org.apache.catalina.core.ApplicationFilterChain.internalDoFilter(ApplicationFilterChain.java:241)
	at org.apache.catalina.core.ApplicationFilterChain.doFilter(ApplicationFilterChain.java:208)
	at org.codehaus.groovy.grails.web.filters.HiddenHttpMethodFilter.doFilterInternal(HiddenHttpMethodFilter.java:67)
	at org.springframework.web.filter.OncePerRequestFilter.doFilter(OncePerRequestFilter.java:107)
	at org.apache.catalina.core.ApplicationFilterChain.internalDoFilter(ApplicationFilterChain.java:241)
	at org.apache.catalina.core.ApplicationFilterChain.doFilter(ApplicationFilterChain.java:208)
	at org.springframework.web.filter.CharacterEncodingFilter.doFilterInternal(CharacterEncodingFilter.java:85)
	at org.springframework.web.filter.OncePerRequestFilter.doFilter(OncePerRequestFilter.java:107)
	at org.springframework.web.filter.DelegatingFilterProxy.invokeDelegate(DelegatingFilterProxy.java:344)
	at org.springframework.web.filter.DelegatingFilterProxy.doFilter(DelegatingFilterProxy.java:261)
	at org.apache.catalina.core.ApplicationFilterChain.internalDoFilter(ApplicationFilterChain.java:241)
	at org.apache.catalina.core.ApplicationFilterChain.doFilter(ApplicationFilterChain.java:208)
	at org.apache.catalina.core.StandardWrapperValve.invoke(StandardWrapperValve.java:218)
	at org.apache.catalina.core.StandardContextValve.invoke(StandardContextValve.java:122)
	at org.apache.catalina.core.StandardHostValve.invoke(StandardHostValve.java:169)
	at org.apache.catalina.valves.ErrorReportValve.invoke(ErrorReportValve.java:103)
	at org.apache.catalina.core.StandardEngineValve.invoke(StandardEngineValve.java:116)
	at org.apache.catalina.connector.CoyoteAdapter.service(CoyoteAdapter.java:442)
	at org.apache.coyote.http11.AbstractHttp11Processor.process(AbstractHttp11Processor.java:1082)
	at org.apache.coyote.AbstractProtocol$AbstractConnectionHandler.process(AbstractProtocol.java:623)
	at org.apache.tomcat.util.net.JIoEndpoint$SocketProcessor.run(JIoEndpoint.java:316)
	at java.util.concurrent.ThreadPoolExecutor.runWorker(ThreadPoolExecutor.java:1142)
	at java.util.concurrent.ThreadPoolExecutor$Worker.run(ThreadPoolExecutor.java:617)
	at org.apache.tomcat.util.threads.TaskThread$WrappingRunnable.run(TaskThread.java:61)
	at java.lang.Thread.run(Thread.java:745)
2017-04-19 07:38:35,277 [http-bio-8080-exec-10] ERROR StackTrace  - Full Stack Trace:
java.lang.RuntimeException: Error initializing GroovyPageView
	at grails.plugin.cache.web.filter.PageFragmentCachingFilter.doFilter(PageFragmentCachingFilter.java:189)
	at grails.plugin.cache.web.filter.AbstractFilter.doFilter(AbstractFilter.java:63)
	at java.util.concurrent.ThreadPoolExecutor.runWorker(ThreadPoolExecutor.java:1142)
	at java.util.concurrent.ThreadPoolExecutor$Worker.run(ThreadPoolExecutor.java:617)
	at java.lang.Thread.run(Thread.java:745)
Caused by: org.codehaus.groovy.grails.web.taglib.exceptions.GrailsTagException: Attribute value must be quoted (code="default.list.label" args=["uzytkownikow"]).
	at grails.util.CacheEntry.getValue(CacheEntry.java:144)
	at grails.util.CacheEntry.getValue(CacheEntry.java:84)
	... 5 more
2017-04-19 07:38:35,319 [http-bio-8080-exec-10] ERROR StackTrace  - Full Stack Trace:
java.lang.RuntimeException: Error initializing GroovyPageView
	at grails.plugin.cache.web.filter.PageFragmentCachingFilter.doFilter(PageFragmentCachingFilter.java:189)
	at grails.plugin.cache.web.filter.AbstractFilter.doFilter(AbstractFilter.java:63)
	at java.util.concurrent.ThreadPoolExecutor.runWorker(ThreadPoolExecutor.java:1142)
	at java.util.concurrent.ThreadPoolExecutor$Worker.run(ThreadPoolExecutor.java:617)
	at java.lang.Thread.run(Thread.java:745)
Caused by: org.codehaus.groovy.grails.web.taglib.exceptions.GrailsTagException: Attribute value must be quoted (code="default.list.label" args=["uzytkownikow"]).
	at grails.util.CacheEntry.getValue(CacheEntry.java:144)
	at grails.util.CacheEntry.getValue(CacheEntry.java:84)
	... 5 more
2017-04-19 07:38:35,319 [http-bio-8080-exec-10] ERROR StackTrace  - Full Stack Trace:
org.codehaus.groovy.grails.web.taglib.exceptions.GrailsTagException: Attribute value must be quoted (code="default.list.label" args=["uzytkownikow"]).
	at grails.util.CacheEntry.getValue(CacheEntry.java:144)
	at grails.util.CacheEntry.getValue(CacheEntry.java:84)
	at grails.plugin.cache.web.filter.PageFragmentCachingFilter.doFilter(PageFragmentCachingFilter.java:189)
	at grails.plugin.cache.web.filter.AbstractFilter.doFilter(AbstractFilter.java:63)
	at java.util.concurrent.ThreadPoolExecutor.runWorker(ThreadPoolExecutor.java:1142)
	at java.util.concurrent.ThreadPoolExecutor$Worker.run(ThreadPoolExecutor.java:617)
	at java.lang.Thread.run(Thread.java:745)
2017-04-19 07:38:35,319 [http-bio-8080-exec-10] ERROR StackTrace  - Full Stack Trace:
java.lang.RuntimeException: Error initializing GroovyPageView
	at grails.plugin.cache.web.filter.PageFragmentCachingFilter.doFilter(PageFragmentCachingFilter.java:189)
	at grails.plugin.cache.web.filter.AbstractFilter.doFilter(AbstractFilter.java:63)
	at java.util.concurrent.ThreadPoolExecutor.runWorker(ThreadPoolExecutor.java:1142)
	at java.util.concurrent.ThreadPoolExecutor$Worker.run(ThreadPoolExecutor.java:617)
	at java.lang.Thread.run(Thread.java:745)
Caused by: org.codehaus.groovy.grails.web.taglib.exceptions.GrailsTagException: Attribute value must be quoted (code="default.list.label" args=["uzytkownikow"]).
	at grails.util.CacheEntry.getValue(CacheEntry.java:144)
	at grails.util.CacheEntry.getValue(CacheEntry.java:84)
	... 5 more
2017-04-19 07:38:35,319 [http-bio-8080-exec-10] ERROR StackTrace  - Full Stack Trace:
java.lang.RuntimeException: Error initializing GroovyPageView
	at grails.plugin.cache.web.filter.PageFragmentCachingFilter.doFilter(PageFragmentCachingFilter.java:189)
	at grails.plugin.cache.web.filter.AbstractFilter.doFilter(AbstractFilter.java:63)
	at java.util.concurrent.ThreadPoolExecutor.runWorker(ThreadPoolExecutor.java:1142)
	at java.util.concurrent.ThreadPoolExecutor$Worker.run(ThreadPoolExecutor.java:617)
	at java.lang.Thread.run(Thread.java:745)
Caused by: org.codehaus.groovy.grails.web.taglib.exceptions.GrailsTagException: Attribute value must be quoted (code="default.list.label" args=["uzytkownikow"]).
	at grails.util.CacheEntry.getValue(CacheEntry.java:144)
	at grails.util.CacheEntry.getValue(CacheEntry.java:84)
	... 5 more
2017-04-19 07:38:35,320 [http-bio-8080-exec-10] ERROR StackTrace  - Full Stack Trace:
org.codehaus.groovy.grails.web.taglib.exceptions.GrailsTagException: Attribute value must be quoted (code="default.list.label" args=["uzytkownikow"]).
	at grails.util.CacheEntry.getValue(CacheEntry.java:144)
	at grails.util.CacheEntry.getValue(CacheEntry.java:84)
	at grails.plugin.cache.web.filter.PageFragmentCachingFilter.doFilter(PageFragmentCachingFilter.java:189)
	at grails.plugin.cache.web.filter.AbstractFilter.doFilter(AbstractFilter.java:63)
	at java.util.concurrent.ThreadPoolExecutor.runWorker(ThreadPoolExecutor.java:1142)
	at java.util.concurrent.ThreadPoolExecutor$Worker.run(ThreadPoolExecutor.java:617)
	at java.lang.Thread.run(Thread.java:745)
2017-04-19 07:38:35,320 [http-bio-8080-exec-10] ERROR StackTrace  - Full Stack Trace:
java.lang.RuntimeException: Error initializing GroovyPageView
	at grails.plugin.cache.web.filter.PageFragmentCachingFilter.doFilter(PageFragmentCachingFilter.java:189)
	at grails.plugin.cache.web.filter.AbstractFilter.doFilter(AbstractFilter.java:63)
	at java.util.concurrent.ThreadPoolExecutor.runWorker(ThreadPoolExecutor.java:1142)
	at java.util.concurrent.ThreadPoolExecutor$Worker.run(ThreadPoolExecutor.java:617)
	at java.lang.Thread.run(Thread.java:745)
Caused by: org.codehaus.groovy.grails.web.taglib.exceptions.GrailsTagException: Attribute value must be quoted (code="default.list.label" args=["uzytkownikow"]).
	at grails.util.CacheEntry.getValue(CacheEntry.java:144)
	at grails.util.CacheEntry.getValue(CacheEntry.java:84)
	... 5 more
